{
  "RSpec": {
    "coverage": {
      "/Users/student/Documents/Projects/Week-3/Battle/app.rb": [
        null,
        1,
        1,
        null,
        1,
        null,
        null,
        1,
        null,
        1,
        107,
        null,
        null,
        1,
        7,
        null,
        null,
        1,
        7,
        7,
        7,
        7,
        null,
        null,
        1,
        48,
        1,
        null,
        47,
        null,
        null,
        1,
        41,
        41,
        41,
        41,
        2,
        null,
        39,
        39,
        null,
        null,
        null,
        1,
        4,
        1,
        null,
        3,
        null,
        null,
        null,
        1,
        null,
        null
      ],
      "/Users/student/Documents/Projects/Week-3/Battle/lib/game.rb": [
        1,
        1,
        null,
        1,
        null,
        1,
        null,
        1,
        113,
        null,
        null,
        1,
        13,
        null,
        null,
        1,
        13,
        13,
        13,
        13,
        null,
        null,
        1,
        42,
        null,
        null,
        1,
        40,
        40,
        null,
        null,
        1,
        94,
        null,
        null,
        null
      ],
      "/Users/student/Documents/Projects/Week-3/Battle/lib/player.rb": [
        1,
        null,
        1,
        null,
        1,
        null,
        1,
        17,
        17,
        null,
        null,
        1,
        42,
        null,
        null,
        null
      ],
      "/Users/student/Documents/Projects/Week-3/Battle/lib/attack.rb": [
        null,
        1,
        null,
        1,
        null,
        1,
        42,
        42,
        42,
        null,
        null,
        1,
        42,
        42,
        null,
        null,
        1,
        null,
        1,
        42,
        42,
        null,
        null,
        null,
        null
      ],
      "/Users/student/Documents/Projects/Week-3/Battle/spec/features/web_helpers.rb": [
        1,
        7,
        7,
        7,
        7,
        null
      ],
      "/Users/student/Documents/Projects/Week-3/Battle/spec/features/enter_players_spec.rb": [
        1,
        1,
        1,
        1,
        null,
        null,
        null
      ],
      "/Users/student/Documents/Projects/Week-3/Battle/spec/features/game_over_spec.rb": [

      ],
      "/Users/student/Documents/Projects/Week-3/Battle/spec/features/points_spec.rb": [
        1,
        null,
        1,
        1,
        1,
        null,
        null,
        1,
        1,
        1,
        6,
        1,
        1,
        null,
        null,
        1,
        1,
        1,
        96,
        20,
        1,
        null,
        null,
        1,
        1,
        1,
        96,
        20,
        1,
        1,
        null,
        null,
        1,
        1,
        1,
        1,
        null,
        null,
        null
      ],
      "/Users/student/Documents/Projects/Week-3/Battle/spec/features/switching_turns_spec.rb": [
        1,
        null,
        1,
        1,
        11,
        1,
        1,
        1,
        null,
        null,
        null
      ],
      "/Users/student/Documents/Projects/Week-3/Battle/spec/unit/attack_spec.rb": [
        1,
        null,
        1,
        null,
        1,
        2,
        2,
        2,
        2,
        null,
        null,
        null,
        1,
        1,
        1,
        1,
        null,
        null,
        null
      ],
      "/Users/student/Documents/Projects/Week-3/Battle/spec/unit/game_spec.rb": [
        1,
        null,
        1,
        null,
        1,
        7,
        7,
        1,
        null,
        null,
        1,
        6,
        6,
        6,
        6,
        null,
        null,
        1,
        1,
        null,
        null,
        1,
        1,
        null,
        null,
        1,
        1,
        null,
        null,
        1,
        1,
        1,
        null,
        null,
        1,
        1,
        1,
        null,
        null,
        1,
        1,
        1,
        1,
        null,
        null,
        null
      ],
      "/Users/student/Documents/Projects/Week-3/Battle/spec/unit/player_spec.rb": [
        1,
        null,
        1,
        null,
        4,
        4,
        null,
        1,
        1,
        null,
        null,
        1,
        1,
        null,
        null,
        1,
        4,
        null,
        null,
        null
      ]
    },
    "timestamp": 1570193189
  }
}
